Jello_Jump/Temp/gradleOut/unityLibrary/build/intermediates/manifest_merge_blame_file/release/manifest-merger-blame-release-report.txt
1<?xml version="1.0" encoding="utf-8"?>
2<!-- GENERATED BY UNITY. REMOVE THIS COMMENT TO PREVENT OVERWRITING WHEN EXPORTING AGAIN -->
3<manifest xmlns:android="http://schemas.android.com/apk/res/android"
4    xmlns:tools="http://schemas.android.com/tools"
5    package="com.unity3d.player"
6    android:versionCode="1"
7    android:versionName="1.0" >
8
9    <uses-sdk
10        android:minSdkVersion="19"
10-->src/main/AndroidManifest.xml
11        android:targetSdkVersion="30" />
11-->src/main/AndroidManifest.xml
12
13    <uses-feature android:glEsVersion="0x00030000" />
13-->src/main/AndroidManifest.xml:20:3-52
13-->src/main/AndroidManifest.xml:20:17-49
14    <uses-feature
14-->src/main/AndroidManifest.xml:21:3-91
15        android:name="android.hardware.vulkan.version"
15-->src/main/AndroidManifest.xml:21:17-63
16        android:required="false" />
16-->src/main/AndroidManifest.xml:21:64-88
17    <uses-feature
17-->src/main/AndroidManifest.xml:22:3-88
18        android:name="android.hardware.touchscreen"
18-->src/main/AndroidManifest.xml:22:17-60
19        android:required="false" />
19-->src/main/AndroidManifest.xml:22:61-85
20    <uses-feature
20-->src/main/AndroidManifest.xml:23:3-99
21        android:name="android.hardware.touchscreen.multitouch"
21-->src/main/AndroidManifest.xml:23:17-71
22        android:required="false" />
22-->src/main/AndroidManifest.xml:23:72-96
23    <uses-feature
23-->src/main/AndroidManifest.xml:24:3-108
24        android:name="android.hardware.touchscreen.multitouch.distinct"
24-->src/main/AndroidManifest.xml:24:17-80
25        android:required="false" />
25-->src/main/AndroidManifest.xml:24:81-105
26
27    <application>
27-->src/main/AndroidManifest.xml:4:3-19:17
28        <activity
28-->src/main/AndroidManifest.xml:5:5-13:16
29            android:name="com.unity3d.player.UnityPlayerActivity"
29-->src/main/AndroidManifest.xml:5:15-68
30            android:configChanges="mcc|mnc|locale|touchscreen|keyboard|keyboardHidden|navigation|orientation|screenLayout|uiMode|screenSize|smallestScreenSize|fontScale|layoutDirection|density"
30-->src/main/AndroidManifest.xml:5:186-367
31            android:hardwareAccelerated="false"
31-->src/main/AndroidManifest.xml:5:403-438
32            android:launchMode="singleTask"
32-->src/main/AndroidManifest.xml:5:154-185
33            android:resizeableActivity="false"
33-->src/main/AndroidManifest.xml:5:368-402
34            android:screenOrientation="sensorPortrait"
34-->src/main/AndroidManifest.xml:5:111-153
35            android:theme="@style/UnityThemeSelector" >
35-->src/main/AndroidManifest.xml:5:69-110
36            <intent-filter>
36-->src/main/AndroidManifest.xml:6:7-9:23
37                <action android:name="android.intent.action.MAIN" />
37-->src/main/AndroidManifest.xml:7:9-61
37-->src/main/AndroidManifest.xml:7:17-58
38
39                <category android:name="android.intent.category.LAUNCHER" />
39-->src/main/AndroidManifest.xml:8:9-69
39-->src/main/AndroidManifest.xml:8:19-66
40            </intent-filter>
41
42            <meta-data
42-->src/main/AndroidManifest.xml:10:7-82
43                android:name="unityplayer.UnityActivity"
43-->src/main/AndroidManifest.xml:10:18-58
44                android:value="true" />
44-->src/main/AndroidManifest.xml:10:59-79
45
46            <layout
46-->src/main/AndroidManifest.xml:11:7-129
47                android:defaultHeight="1080px"
47-->src/main/AndroidManifest.xml:11:15-45
48                android:defaultWidth="1920px"
48-->src/main/AndroidManifest.xml:11:46-75
49                android:minHeight="300px"
49-->src/main/AndroidManifest.xml:11:76-101
50                android:minWidth="400px" />
50-->src/main/AndroidManifest.xml:11:102-126
51
52            <meta-data
52-->src/main/AndroidManifest.xml:12:7-78
53                android:name="android.notch_support"
53-->src/main/AndroidManifest.xml:12:18-54
54                android:value="true" />
54-->src/main/AndroidManifest.xml:12:55-75
55        </activity>
56
57        <meta-data
57-->src/main/AndroidManifest.xml:14:5-69
58            android:name="unity.splash-mode"
58-->src/main/AndroidManifest.xml:14:16-48
59            android:value="0" />
59-->src/main/AndroidManifest.xml:14:49-66
60        <meta-data
60-->src/main/AndroidManifest.xml:15:5-74
61            android:name="unity.splash-enable"
61-->src/main/AndroidManifest.xml:15:16-50
62            android:value="True" />
62-->src/main/AndroidManifest.xml:15:51-71
63        <meta-data
63-->src/main/AndroidManifest.xml:16:5-84
64            android:name="unity.allow-resizable-window"
64-->src/main/AndroidManifest.xml:16:16-59
65            android:value="False" />
65-->src/main/AndroidManifest.xml:16:60-81
66        <meta-data
66-->src/main/AndroidManifest.xml:17:5-81
67            android:name="notch.config"
67-->src/main/AndroidManifest.xml:17:16-43
68            android:value="portrait|landscape" />
68-->src/main/AndroidManifest.xml:17:44-78
69        <meta-data
69-->src/main/AndroidManifest.xml:18:5-101
70            android:name="unity.build-id"
70-->src/main/AndroidManifest.xml:18:16-45
71            android:value="f2541726-8261-4e3d-b421-fe264b122108" />
71-->src/main/AndroidManifest.xml:18:46-98
72    </application>
73
74</manifest>